{"message":"expected item, found `;`","code":null,"level":"error","spans":[{"file_name":"src/main.rs","byte_start":4123,"byte_end":4124,"line_start":124,"line_end":124,"column_start":2,"column_end":3,"is_primary":true,"text":[{"text":"};","highlight_start":2,"highlight_end":3}],"label":null,"suggested_replacement":null,"suggestion_applicability":null,"expansion":null}],"children":[{"message":"braced struct declarations are not followed by a semicolon","code":null,"level":"help","spans":[],"children":[],"rendered":null},{"message":"remove this semicolon","code":null,"level":"help","spans":[{"file_name":"src/main.rs","byte_start":4123,"byte_end":4124,"line_start":124,"line_end":124,"column_start":2,"column_end":3,"is_primary":true,"text":[{"text":"};","highlight_start":2,"highlight_end":3}],"label":null,"suggested_replacement":"","suggestion_applicability":"MachineApplicable","expansion":null}],"children":[],"rendered":null}],"rendered":"\u001b[0m\u001b[1m\u001b[38;5;9merror\u001b[0m\u001b[0m\u001b[1m: expected item, found `;`\u001b[0m\n\u001b[0m   \u001b[0m\u001b[0m\u001b[1m\u001b[38;5;12m--> \u001b[0m\u001b[0msrc/main.rs:124:2\u001b[0m\n\u001b[0m    \u001b[0m\u001b[0m\u001b[1m\u001b[38;5;12m|\u001b[0m\n\u001b[0m\u001b[1m\u001b[38;5;12m124\u001b[0m\u001b[0m \u001b[0m\u001b[0m\u001b[1m\u001b[38;5;12m|\u001b[0m\u001b[0m \u001b[0m\u001b[0m};\u001b[0m\n\u001b[0m    \u001b[0m\u001b[0m\u001b[1m\u001b[38;5;12m| \u001b[0m\u001b[0m \u001b[0m\u001b[0m\u001b[1m\u001b[38;5;9m^\u001b[0m\u001b[0m \u001b[0m\u001b[0m\u001b[1m\u001b[38;5;9mhelp: remove this semicolon\u001b[0m\n\u001b[0m    \u001b[0m\u001b[0m\u001b[1m\u001b[38;5;12m|\u001b[0m\n\u001b[0m    \u001b[0m\u001b[0m\u001b[1m\u001b[38;5;12m= \u001b[0m\u001b[0m\u001b[1mhelp\u001b[0m\u001b[0m: braced struct declarations are not followed by a semicolon\u001b[0m\n\n"}
{"message":"cannot find type `Pair` in this scope","code":{"code":"E0412","explanation":"A used type name is not in scope.\n\nErroneous code examples:\n\n```compile_fail,E0412\nimpl Something {} // error: type name `Something` is not in scope\n\n// or:\n\ntrait Foo {\n    fn bar(N); // error: type name `N` is not in scope\n}\n\n// or:\n\nfn foo(x: T) {} // type name `T` is not in scope\n```\n\nTo fix this error, please verify you didn't misspell the type name, you did\ndeclare it or imported it into the scope. Examples:\n\n```\nstruct Something;\n\nimpl Something {} // ok!\n\n// or:\n\ntrait Foo {\n    type N;\n\n    fn bar(_: Self::N); // ok!\n}\n\n// or:\n\nfn foo<T>(x: T) {} // ok!\n```\n\nAnother case that causes this error is when a type is imported into a parent\nmodule. To fix this, you can follow the suggestion and use File directly or\n`use super::File;` which will import the types from the parent namespace. An\nexample that causes this error is below:\n\n```compile_fail,E0412\nuse std::fs::File;\n\nmod foo {\n    fn some_function(f: File) {}\n}\n```\n\n```\nuse std::fs::File;\n\nmod foo {\n    // either\n    use super::File;\n    // or\n    // use std::fs::File;\n    fn foo(f: File) {}\n}\n# fn main() {} // don't insert it for us; that'll break imports\n```\n"},"level":"error","spans":[{"file_name":"src/main.rs","byte_start":3866,"byte_end":3870,"line_start":113,"line_end":113,"column_start":31,"column_end":35,"is_primary":true,"text":[{"text":"impl<T: Display + PartialOrd> Pair<T> {","highlight_start":31,"highlight_end":35}],"label":"not found in this scope","suggested_replacement":null,"suggestion_applicability":null,"expansion":null}],"children":[],"rendered":"\u001b[0m\u001b[1m\u001b[38;5;9merror[E0412]\u001b[0m\u001b[0m\u001b[1m: cannot find type `Pair` in this scope\u001b[0m\n\u001b[0m   \u001b[0m\u001b[0m\u001b[1m\u001b[38;5;12m--> \u001b[0m\u001b[0msrc/main.rs:113:31\u001b[0m\n\u001b[0m    \u001b[0m\u001b[0m\u001b[1m\u001b[38;5;12m|\u001b[0m\n\u001b[0m\u001b[1m\u001b[38;5;12m113\u001b[0m\u001b[0m \u001b[0m\u001b[0m\u001b[1m\u001b[38;5;12m|\u001b[0m\u001b[0m \u001b[0m\u001b[0mimpl<T: Display + PartialOrd> Pair<T> {\u001b[0m\n\u001b[0m    \u001b[0m\u001b[0m\u001b[1m\u001b[38;5;12m| \u001b[0m\u001b[0m                              \u001b[0m\u001b[0m\u001b[1m\u001b[38;5;9m^^^^\u001b[0m\u001b[0m \u001b[0m\u001b[0m\u001b[1m\u001b[38;5;9mnot found in this scope\u001b[0m\n\n"}
{"message":"cannot find trait `Display` in this scope","code":{"code":"E0405","explanation":"The code refers to a trait that is not in scope.\n\nErroneous code example:\n\n```compile_fail,E0405\nstruct Foo;\n\nimpl SomeTrait for Foo {} // error: trait `SomeTrait` is not in scope\n```\n\nPlease verify that the name of the trait wasn't misspelled and ensure that it\nwas imported. Example:\n\n```\n# #[cfg(for_demonstration_only)]\n// solution 1:\nuse some_file::SomeTrait;\n\n// solution 2:\ntrait SomeTrait {\n    // some functions\n}\n\nstruct Foo;\n\nimpl SomeTrait for Foo { // ok!\n    // implements functions\n}\n```\n"},"level":"error","spans":[{"file_name":"src/main.rs","byte_start":3844,"byte_end":3851,"line_start":113,"line_end":113,"column_start":9,"column_end":16,"is_primary":true,"text":[{"text":"impl<T: Display + PartialOrd> Pair<T> {","highlight_start":9,"highlight_end":16}],"label":"not found in this scope","suggested_replacement":null,"suggestion_applicability":null,"expansion":null}],"children":[{"message":"consider importing one of these items","code":null,"level":"help","spans":[{"file_name":"src/main.rs","byte_start":416,"byte_end":416,"line_start":5,"line_end":5,"column_start":1,"column_end":1,"is_primary":true,"text":[{"text":"pub trait Summary {","highlight_start":1,"highlight_end":1}],"label":null,"suggested_replacement":"use core::fmt::Display;\n\n","suggestion_applicability":"MaybeIncorrect","expansion":null},{"file_name":"src/main.rs","byte_start":416,"byte_end":416,"line_start":5,"line_end":5,"column_start":1,"column_end":1,"is_primary":true,"text":[{"text":"pub trait Summary {","highlight_start":1,"highlight_end":1}],"label":null,"suggested_replacement":"use std::fmt::Display;\n\n","suggestion_applicability":"MaybeIncorrect","expansion":null}],"children":[],"rendered":null}],"rendered":"\u001b[0m\u001b[1m\u001b[38;5;9merror[E0405]\u001b[0m\u001b[0m\u001b[1m: cannot find trait `Display` in this scope\u001b[0m\n\u001b[0m   \u001b[0m\u001b[0m\u001b[1m\u001b[38;5;12m--> \u001b[0m\u001b[0msrc/main.rs:113:9\u001b[0m\n\u001b[0m    \u001b[0m\u001b[0m\u001b[1m\u001b[38;5;12m|\u001b[0m\n\u001b[0m\u001b[1m\u001b[38;5;12m113\u001b[0m\u001b[0m \u001b[0m\u001b[0m\u001b[1m\u001b[38;5;12m|\u001b[0m\u001b[0m \u001b[0m\u001b[0mimpl<T: Display + PartialOrd> Pair<T> {\u001b[0m\n\u001b[0m    \u001b[0m\u001b[0m\u001b[1m\u001b[38;5;12m| \u001b[0m\u001b[0m        \u001b[0m\u001b[0m\u001b[1m\u001b[38;5;9m^^^^^^^\u001b[0m\u001b[0m \u001b[0m\u001b[0m\u001b[1m\u001b[38;5;9mnot found in this scope\u001b[0m\n\u001b[0m    \u001b[0m\u001b[0m\u001b[1m\u001b[38;5;12m|\u001b[0m\n\u001b[0m\u001b[1m\u001b[38;5;14mhelp\u001b[0m\u001b[0m: consider importing one of these items\u001b[0m\n\u001b[0m    \u001b[0m\u001b[0m\u001b[1m\u001b[38;5;12m|\u001b[0m\n\u001b[0m\u001b[1m\u001b[38;5;12m5\u001b[0m\u001b[0m   \u001b[0m\u001b[0m\u001b[1m\u001b[38;5;12m| \u001b[0m\u001b[0m\u001b[38;5;10muse core::fmt::Display;\u001b[0m\n\u001b[0m    \u001b[0m\u001b[0m\u001b[1m\u001b[38;5;12m|\u001b[0m\n\u001b[0m\u001b[1m\u001b[38;5;12m5\u001b[0m\u001b[0m   \u001b[0m\u001b[0m\u001b[1m\u001b[38;5;12m| \u001b[0m\u001b[0m\u001b[38;5;10muse std::fmt::Display;\u001b[0m\n\u001b[0m    \u001b[0m\u001b[0m\u001b[1m\u001b[38;5;12m|\u001b[0m\n\n"}
{"message":"missing lifetime specifier","code":{"code":"E0106","explanation":"This error indicates that a lifetime is missing from a type. If it is an error\ninside a function signature, the problem may be with failing to adhere to the\nlifetime elision rules (see below).\n\nErroneous code examples:\n\n```compile_fail,E0106\nstruct Foo1 { x: &bool }\n              // ^ expected lifetime parameter\nstruct Foo2<'a> { x: &'a bool } // correct\n\nstruct Bar1 { x: Foo2 }\n              // ^^^^ expected lifetime parameter\nstruct Bar2<'a> { x: Foo2<'a> } // correct\n\nenum Baz1 { A(u8), B(&bool), }\n                  // ^ expected lifetime parameter\nenum Baz2<'a> { A(u8), B(&'a bool), } // correct\n\ntype MyStr1 = &str;\n           // ^ expected lifetime parameter\ntype MyStr2<'a> = &'a str; // correct\n```\n\nLifetime elision is a special, limited kind of inference for lifetimes in\nfunction signatures which allows you to leave out lifetimes in certain cases.\nFor more background on lifetime elision see [the book][book-le].\n\nThe lifetime elision rules require that any function signature with an elided\noutput lifetime must either have:\n\n - exactly one input lifetime\n - or, multiple input lifetimes, but the function must also be a method with a\n   `&self` or `&mut self` receiver\n\nIn the first case, the output lifetime is inferred to be the same as the unique\ninput lifetime. In the second case, the lifetime is instead inferred to be the\nsame as the lifetime on `&self` or `&mut self`.\n\nHere are some examples of elision errors:\n\n```compile_fail,E0106\n// error, no input lifetimes\nfn foo() -> &str { }\n\n// error, `x` and `y` have distinct lifetimes inferred\nfn bar(x: &str, y: &str) -> &str { }\n\n// error, `y`'s lifetime is inferred to be distinct from `x`'s\nfn baz<'a>(x: &'a str, y: &str) -> &str { }\n```\n\n[book-le]: https://doc.rust-lang.org/book/ch10-03-lifetime-syntax.html#lifetime-elision\n"},"level":"error","spans":[{"file_name":"src/main.rs","byte_start":4116,"byte_end":4117,"line_start":123,"line_end":123,"column_start":12,"column_end":13,"is_primary":true,"text":[{"text":"    part : &str,","highlight_start":12,"highlight_end":13}],"label":"expected named lifetime parameter","suggested_replacement":null,"suggestion_applicability":null,"expansion":null}],"children":[{"message":"consider introducing a named lifetime parameter","code":null,"level":"help","spans":[{"file_name":"src/main.rs","byte_start":4103,"byte_end":4103,"line_start":122,"line_end":122,"column_start":11,"column_end":11,"is_primary":true,"text":[{"text":"struct Tes{","highlight_start":11,"highlight_end":11}],"label":null,"suggested_replacement":"<'a>","suggestion_applicability":"MaybeIncorrect","expansion":null},{"file_name":"src/main.rs","byte_start":4117,"byte_end":4117,"line_start":123,"line_end":123,"column_start":13,"column_end":13,"is_primary":true,"text":[{"text":"    part : &str,","highlight_start":13,"highlight_end":13}],"label":null,"suggested_replacement":"'a ","suggestion_applicability":"MaybeIncorrect","expansion":null}],"children":[],"rendered":null}],"rendered":"\u001b[0m\u001b[1m\u001b[38;5;9merror[E0106]\u001b[0m\u001b[0m\u001b[1m: missing lifetime specifier\u001b[0m\n\u001b[0m   \u001b[0m\u001b[0m\u001b[1m\u001b[38;5;12m--> \u001b[0m\u001b[0msrc/main.rs:123:12\u001b[0m\n\u001b[0m    \u001b[0m\u001b[0m\u001b[1m\u001b[38;5;12m|\u001b[0m\n\u001b[0m\u001b[1m\u001b[38;5;12m123\u001b[0m\u001b[0m \u001b[0m\u001b[0m\u001b[1m\u001b[38;5;12m|\u001b[0m\u001b[0m \u001b[0m\u001b[0m    part : &str,\u001b[0m\n\u001b[0m    \u001b[0m\u001b[0m\u001b[1m\u001b[38;5;12m| \u001b[0m\u001b[0m           \u001b[0m\u001b[0m\u001b[1m\u001b[38;5;9m^\u001b[0m\u001b[0m \u001b[0m\u001b[0m\u001b[1m\u001b[38;5;9mexpected named lifetime parameter\u001b[0m\n\u001b[0m    \u001b[0m\u001b[0m\u001b[1m\u001b[38;5;12m|\u001b[0m\n\u001b[0m\u001b[1m\u001b[38;5;14mhelp\u001b[0m\u001b[0m: consider introducing a named lifetime parameter\u001b[0m\n\u001b[0m    \u001b[0m\u001b[0m\u001b[1m\u001b[38;5;12m|\u001b[0m\n\u001b[0m\u001b[1m\u001b[38;5;12m122\u001b[0m\u001b[0m \u001b[0m\u001b[0m\u001b[38;5;10m~ \u001b[0m\u001b[0mstruct Tes\u001b[0m\u001b[0m\u001b[38;5;10m<'a>\u001b[0m\u001b[0m{\u001b[0m\n\u001b[0m\u001b[1m\u001b[38;5;12m123\u001b[0m\u001b[0m \u001b[0m\u001b[0m\u001b[38;5;10m~ \u001b[0m\u001b[0m    part : &\u001b[0m\u001b[0m\u001b[38;5;10m'a \u001b[0m\u001b[0mstr,\u001b[0m\n\u001b[0m    \u001b[0m\u001b[0m\u001b[1m\u001b[38;5;12m|\u001b[0m\n\n"}
{"message":"aborting due to 4 previous errors","code":null,"level":"error","spans":[],"children":[],"rendered":"\u001b[0m\u001b[1m\u001b[38;5;9merror\u001b[0m\u001b[0m\u001b[1m: aborting due to 4 previous errors\u001b[0m\n\n"}
{"message":"Some errors have detailed explanations: E0106, E0405, E0412.","code":null,"level":"failure-note","spans":[],"children":[],"rendered":"\u001b[0m\u001b[1mSome errors have detailed explanations: E0106, E0405, E0412.\u001b[0m\n"}
{"message":"For more information about an error, try `rustc --explain E0106`.","code":null,"level":"failure-note","spans":[],"children":[],"rendered":"\u001b[0m\u001b[1mFor more information about an error, try `rustc --explain E0106`.\u001b[0m\n"}
